Case #1: CAB
Case #2: MJA
Case #3: OCDE
Case #4: BBAAA
Case #5: CCCABBBAB
Case #6: CCCBAABAB
Case #7: ZXCASDQWE
Case #8: MMLKJGFECBADHIA
Case #9: CBA
Case #10: ONKGEBLAIFMHCJD
Case #11: OBADEFGHCJMLNKI
Case #12: BBBBBAAAAAAAA
Case #13: CCCCCAAAABBBBBA
Case #14: CCCCBBBBAABAAAA
Case #15: CBA
Case #16: BAA
Case #17: DCCBBBBBACABC
Case #18: ZDABC
Case #19: ZABCD
Case #20: BB
Case #21: Z
Case #22: BBA
Case #23: RRBAACADABA
Case #24: CBBBAAAAAAAAB
Case #25: OMIFDLEHBKJNACG
Case #26: BA
Case #27: OMNLKBJHGFEICAD
Case #28: ONMLBADJFGHIEKC
Case #29: ZZZRLQSDPVGHXKX
Case #30: BBA
Case #31: BAAA
Case #32: CBBBAAAAAAAAA
Case #33: BAA
Case #34: CCCCCBBABBAAAAA
Case #35: BA
Case #36: DDDCCBBAAABBB
Case #37: OMGACDEFIJKLNBH
Case #38: MMGHALKJIFEDCBA
Case #39: CCCCCCCCBAAAAAA
Case #40: CCCCCCBBBBBBBAB
Case #41: MMAGFDABCEHIJKL
Case #42: ZXLKKTQRQWBQTSS
Case #43: ONMKLAJIBDCFGHE
Case #44: CCBBAAAABABBBBB
Case #45: ZADBC
Case #46: CCCCCBBAABABB
Case #47: ZZZLFJXMTTXPPJN
Case #48: AAA
Case #49: CCCCBBABAAAAABB
Case #50: ONMHLKJIGAEDCBF
Case #51: ONBCMJHLFDKGAEI
Case #52: CCCCCCBABBBABAB
Case #53: CCCCCCCBABBBBAA
Case #54: MMALJIHGFECBADK
Case #55: CCCCBABAABABBAB
Case #56: CCCCBABAAAAABBB
Case #57: ONMBFADIHGLEJCK
Case #58: ZAYBXCWDUE
Case #59: CCCCABAABBAABBB
Case #60: CBBBBBAAAAAABBA
Case #61: CCCCCBBBBBAAAAA
Case #62: A
Case #63: BAAA
Case #64: CCCCCBBBBBAAAAA
Case #65: CCBBBBBAAAAAB
Case #66: ZACBA
Case #67: ZZZZXFDYLQKKNXT
Case #68: CCCCCBBBBBAAAAA
Case #69: MMDEIKLAJHGFCBA
Case #70: CCCCAABABAAAABA
Case #71: BBA
Case #72: CCCCCABBBBAAABA
Case #73: ZABYCXDWEU
Case #74: CAB
Case #75: CCCCCBBBBBAAAAA
Case #76: CCCCCBBBBBAAAAA
Case #77: CCCCCBBBBBAAAAA
Case #78: CCCCCBBBBBAAAAA
Case #79: ZEDCBAYXWU
Case #80: DDCBAAAAAAAAB
Case #81: CBBAAAAAAAAAA
Case #82: YSWVMTPHHFTHKTS
Case #83: DCCCBBBAAAABB
Case #84: BBB
Case #85: ZDCBA
Case #86: BAA
Case #87: BAAA
Case #88: MMLGDAKJIHFECBA
Case #89: CCCCCBBBBBAAAAA
Case #90: CCCCCABABBBABAB
Case #91: AA
Case #92: BAAA
Case #93: CCCCCCCBBAAABBB
Case #94: DDCCCBAAAABBB
Case #95: CCCCCCBBAABBBBA
Case #96: CBA
Case #97: CBA
Case #98: CCCCCBBBBAAAAAB
Case #99: ZAAAA
Case #100: CCCCCBBAAAAABBB